0 info it worked if it ends with ok
1 verbose cli [ 'C:\\Program Files\\nodejs\\node.exe',
1 verbose cli   'C:\\Program Files\\nodejs\\node_modules\\npm\\bin\\npm-cli.js',
1 verbose cli   'install',
1 verbose cli   '-g',
1 verbose cli   'ehu' ]
2 info using npm@3.3.6
3 info using node@v5.0.0
4 silly loadCurrentTree Starting
5 silly install loadCurrentTree
6 silly install readGlobalPackageData
7 silly fetchPackageMetaData ehu
8 silly fetchNamedPackageData ehu
9 silly mapToRegistry name ehu
10 silly mapToRegistry using default registry
11 silly mapToRegistry registry https://registry.npmjs.org/
12 silly mapToRegistry uri https://registry.npmjs.org/ehu
13 verbose request uri https://registry.npmjs.org/ehu
14 verbose request no auth needed
15 info attempt registry request try #1 at 10:57:46
16 verbose request using bearer token for auth
17 verbose request id 66e0591ba4cba1a0
18 http request GET https://registry.npmjs.org/ehu
19 http 200 https://registry.npmjs.org/ehu
20 verbose headers { server: 'CouchDB/1.5.0 (Erlang OTP/R16B03)',
20 verbose headers   etag: '"EKZSUC9BQ8QFIOCQNWN2BUE7G"',
20 verbose headers   'content-type': 'application/json',
20 verbose headers   'cache-control': 'max-age=60',
20 verbose headers   'content-length': '6820',
20 verbose headers   'accept-ranges': 'bytes',
20 verbose headers   date: 'Fri, 04 Dec 2015 02:57:47 GMT',
20 verbose headers   via: '1.1 varnish',
20 verbose headers   connection: 'keep-alive',
20 verbose headers   'x-served-by': 'cache-itm7421-ITM',
20 verbose headers   'x-cache': 'MISS',
20 verbose headers   'x-cache-hits': '0',
20 verbose headers   'x-timer': 'S1449197867.442302,VS0,VE166',
20 verbose headers   vary: 'Accept' }
21 silly get cb [ 200,
21 silly get   { server: 'CouchDB/1.5.0 (Erlang OTP/R16B03)',
21 silly get     etag: '"EKZSUC9BQ8QFIOCQNWN2BUE7G"',
21 silly get     'content-type': 'application/json',
21 silly get     'cache-control': 'max-age=60',
21 silly get     'content-length': '6820',
21 silly get     'accept-ranges': 'bytes',
21 silly get     date: 'Fri, 04 Dec 2015 02:57:47 GMT',
21 silly get     via: '1.1 varnish',
21 silly get     connection: 'keep-alive',
21 silly get     'x-served-by': 'cache-itm7421-ITM',
21 silly get     'x-cache': 'MISS',
21 silly get     'x-cache-hits': '0',
21 silly get     'x-timer': 'S1449197867.442302,VS0,VE166',
21 silly get     vary: 'Accept' } ]
22 verbose get saving ehu to C:\Users\wanghongkai\AppData\Roaming\npm-cache\registry.npmjs.org\ehu\.cache.json
23 silly rollbackFailedOptional Starting
24 silly rollbackFailedOptional Finishing
25 silly runTopLevelLifecycles Starting
26 silly runTopLevelLifecycles Finishing
27 silly install printInstalled
28 verbose stack Error: ENOENT: no such file or directory, stat 'C:\Users\wanghongkai\AppData\Roaming\npm\node_modules\ehu'
28 verbose stack     at Error (native)
29 verbose cwd D:\GitHub\ehu
30 error Windows_NT 6.1.7601
31 error argv "C:\\Program Files\\nodejs\\node.exe" "C:\\Program Files\\nodejs\\node_modules\\npm\\bin\\npm-cli.js" "install" "-g" "ehu"
32 error node v5.0.0
33 error npm  v3.3.6
34 error path C:\Users\wanghongkai\AppData\Roaming\npm\node_modules\ehu
35 error code ENOENT
36 error errno -4058
37 error syscall stat
38 error enoent ENOENT: no such file or directory, stat 'C:\Users\wanghongkai\AppData\Roaming\npm\node_modules\ehu'
38 error enoent This is most likely not a problem with npm itself
38 error enoent and is related to npm not being able to find a file.
39 verbose exit [ -4058, true ]
